# Logfile created on 2022-11-03 18:51:18 -0300 by logger.rb/v1.4.2
  INFO ---------------------------------------------------------------------------
  INFO START 2022-11-03 18:51:18 -0300 cap production deploy:check
  INFO ---------------------------------------------------------------------------
  INFO [4a7832ea] Running /usr/bin/env mkdir -p /home/ul23sy1e/tmp/capistrano as ul23sy1e@lhcp3157.webapps.net
  INFO [4a7832ea] Finished in 4.038 seconds with exit status 0 (successful).
  INFO Uploading /home/ul23sy1e/tmp/capistrano//git-ssh-e5211d6bbb65d66f5b44.sh 100.0%
  INFO [5cde2384] Running /usr/bin/env chmod 700 /home/ul23sy1e/tmp/capistrano//git-ssh-e5211d6bbb65d66f5b44.sh as ul23sy1e@lhcp3157.webapps.net
  INFO [5cde2384] Finished in 1.051 seconds with exit status 0 (successful).
  INFO [e204124a] Running /usr/bin/env git ls-remote git@gitlab.com:mirkospino/davidefortini.git HEAD as ul23sy1e@lhcp3157.webapps.net
  INFO [e204124a] Finished in 3.865 seconds with exit status 0 (successful).
  INFO [85f0d76a] Running /usr/bin/env mkdir -p /home/ul23sy1e/davidefortini.it/shared /home/ul23sy1e/davidefortini.it/releases as ul23sy1e@lhcp3157.webapps.net
  INFO [85f0d76a] Finished in 0.840 seconds with exit status 0 (successful).
  INFO ---------------------------------------------------------------------------
  INFO START 2022-11-03 18:51:52 -0300 cap production deploy
  INFO ---------------------------------------------------------------------------
  INFO [f707b416] Running /usr/bin/env mkdir -p /home/ul23sy1e/tmp/capistrano as ul23sy1e@lhcp3157.webapps.net
  INFO [f707b416] Finished in 2.891 seconds with exit status 0 (successful).
  INFO Uploading /home/ul23sy1e/tmp/capistrano//git-ssh-e9aa2ced1f195c2c67b0.sh 100.0%
  INFO [26a8f331] Running /usr/bin/env chmod 700 /home/ul23sy1e/tmp/capistrano//git-ssh-e9aa2ced1f195c2c67b0.sh as ul23sy1e@lhcp3157.webapps.net
  INFO [26a8f331] Finished in 0.714 seconds with exit status 0 (successful).
  INFO [a9460cbb] Running /usr/bin/env git ls-remote git@gitlab.com:mirkospino/davidefortini.git HEAD as ul23sy1e@lhcp3157.webapps.net
  INFO [a9460cbb] Finished in 2.422 seconds with exit status 0 (successful).
  INFO [887bf12d] Running /usr/bin/env mkdir -p /home/ul23sy1e/davidefortini.it/shared /home/ul23sy1e/davidefortini.it/releases as ul23sy1e@lhcp3157.webapps.net
  INFO [887bf12d] Finished in 0.887 seconds with exit status 0 (successful).
  INFO [1c475b65] Running /usr/bin/env git clone --mirror git@gitlab.com:mirkospino/davidefortini.git /home/ul23sy1e/davidefortini.it/repo as ul23sy1e@lhcp3157.webapps.net
  INFO [1c475b65] Finished in 16.251 seconds with exit status 0 (successful).
  INFO [1f541065] Running /usr/bin/env git remote set-url origin git@gitlab.com:mirkospino/davidefortini.git as ul23sy1e@lhcp3157.webapps.net
  INFO [1f541065] Finished in 1.627 seconds with exit status 0 (successful).
  INFO [8822a232] Running /usr/bin/env git remote update --prune as ul23sy1e@lhcp3157.webapps.net
  INFO [8822a232] Finished in 2.415 seconds with exit status 0 (successful).
  INFO [e0a85a22] Running /usr/bin/env mkdir -p /home/ul23sy1e/davidefortini.it/releases/20221103215201 as ul23sy1e@lhcp3157.webapps.net
  INFO [e0a85a22] Finished in 0.757 seconds with exit status 0 (successful).
  INFO [5f3457f0] Running /usr/bin/env git archive main | /usr/bin/env tar -x -f - -C /home/ul23sy1e/davidefortini.it/releases/20221103215201 as ul23sy1e@lhcp3157.webapps.net
